Playing: /home/sandesh/Downloads/Setting up TaskIQ Matrix and Using it Easily.mp4
 (+) Video --vid=1 (*) (h264 1920x1080 30.000fps)
 (+) Audio --aid=1 (*) (aac 1ch 48000Hz)
VO does not support requested hardware decoder, or loading it failed.
AO: [pulse] 48000Hz mono 1ch float
VO: [opengl] 1920x1080 yuv420p
AV: 00:00:00 / 00:13:25 (0%) A-V: -0.000
AV: 00:00:00 / 00:13:25 (0%) A-V:  0.000
AV: 00:00:00 / 00:13:25 (0%) A-V:  0.000
AV: 00:00:00 / 00:13:25 (0%) A-V:  0.000
AV: 00:00:00 / 00:13:25 (0%) A-V:  0.000
AV: 00:00:00 / 00:13:25 (0%) A-V:  0.000
AV: 00:00:00 / 00:13:25 (0%) A-V:  0.000
AV: 00:00:00 / 00:13:25 (0%) A-V:  0.000
AV: 00:00:00 / 00:13:25 (0%) A-V:  0.000
AV: 00:00:00 / 00:13:25 (0%) A-V:  0.000
AV: 00:00:00 / 00:13:25 (0%) A-V:  0.000
AV: 00:00:00 / 00:13:25 (0%) A-V:  0.000
AV: 00:00:00 / 00:13:25 (0%) A-V:  0.000
AV: 00:00:00 / 00:13:25 (0%) A-V:  0.000
AV: 00:00:00 / 00:13:25 (0%) A-V:  0.000
AV: 00:00:00 / 00:13:25 (0%) A-V:  0.000
AV: 00:00:00 / 00:13:25 (0%) A-V:  0.000
AV: 00:00:00 / 00:13:25 (0%) A-V:  0.000
AV: 00:00:00 / 00:13:25 (0%) A-V:  0.000
AV: 00:00:00 / 00:13:25 (0%) A-V:  0.000
AV: 00:00:00 / 00:13:25 (0%) A-V:  0.000
AV: 00:00:00 / 00:13:25 (0%) A-V:  0.000
AV: 00:00:00 / 00:13:25 (0%) A-V:  0.000
AV: 00:00:00 / 00:13:25 (0%) A-V:  0.000
AV: 00:00:00 / 00:13:25 (0%) A-V:  0.000
AV: 00:00:00 / 00:13:25 (0%) A-V:  0.000
AV: 00:00:00 / 00:13:25 (0%) A-V:  0.000
AV: 00:00:01 / 00:13:25 (0%) A-V:  0.000
AV: 00:00:01 / 00:13:25 (0%) A-V:  0.000
AV: 00:00:01 / 00:13:25 (0%) A-V:  0.000
AV: 00:00:01 / 00:13:25 (0%) A-V:  0.000
AV: 00:00:01 / 00:13:25 (0%) A-V:  0.000
AV: 00:00:01 / 00:13:25 (0%) A-V:  0.000
AV: 00:00:01 / 00:13:25 (0%) A-V:  0.000
AV: 00:00:01 / 00:13:25 (0%) A-V:  0.000
AV: 00:00:01 / 00:13:25 (0%) A-V:  0.000
AV: 00:00:01 / 00:13:25 (0%) A-V:  0.000
AV: 00:00:01 / 00:13:25 (0%) A-V:  0.000
AV: 00:00:01 / 00:13:25 (0%) A-V:  0.000
AV: 00:00:01 / 00:13:25 (0%) A-V:  0.000
AV: 00:00:01 / 00:13:25 (0%) A-V:  0.000
AV: 00:00:01 / 00:13:25 (0%) A-V:  0.000
AV: 00:00:01 / 00:13:25 (0%) A-V:  0.000
AV: 00:00:01 / 00:13:25 (0%) A-V:  0.000
AV: 00:00:01 / 00:13:25 (0%) A-V:  0.000
AV: 00:00:01 / 00:13:25 (0%) A-V:  0.000
AV: 00:00:01 / 00:13:25 (0%) A-V:  0.000
AV: 00:00:01 / 00:13:25 (0%) A-V:  0.000
AV: 00:00:01 / 00:13:25 (0%) A-V:  0.000
AV: 00:00:01 / 00:13:25 (0%) A-V:  0.000
AV: 00:00:01 / 00:13:25 (0%) A-V:  0.000
AV: 00:00:06 / 00:13:25 (0%) A-V:  0.000
AV: 00:00:06 / 00:13:25 (0%) A-V:  0.000
AV: 00:00:10 / 00:13:25 (1%) A-V:  0.000
AV: 00:00:10 / 00:13:25 (1%) A-V:  0.000
AV: 00:00:10 / 00:13:25 (1%) A-V:  0.000
AV: 00:00:15 / 00:13:25 (1%) A-V:  0.000
AV: 00:00:15 / 00:13:25 (1%) A-V:  0.000
AV: 00:00:15 / 00:13:25 (1%) A-V:  0.000
AV: 00:00:25 / 00:13:25 (3%) A-V:  0.000
AV: 00:00:25 / 00:13:25 (3%) A-V:  0.000
AV: 00:00:31 / 00:13:25 (3%) A-V:  0.000
AV: 00:00:31 / 00:13:25 (3%) A-V:  0.000
AV: 00:00:38 / 00:13:25 (4%) A-V:  0.000
AV: 00:00:38 / 00:13:25 (4%) A-V:  0.000
AV: 00:00:52 / 00:13:25 (6%) A-V:  0.000
AV: 00:00:52 / 00:13:25 (6%) A-V:  0.000
AV: 00:00:57 / 00:13:25 (7%) A-V:  0.000
AV: 00:00:57 / 00:13:25 (7%) A-V:  0.000
AV: 00:01:12 / 00:13:25 (8%) A-V:  0.000
AV: 00:01:12 / 00:13:25 (8%) A-V:  0.000
AV: 00:01:22 / 00:13:25 (10%) A-V:  0.000
AV: 00:01:22 / 00:13:25 (10%) A-V:  0.000
AV: 00:01:27 / 00:13:25 (10%) A-V:  0.000
AV: 00:01:27 / 00:13:25 (10%) A-V:  0.000
AV: 00:01:37 / 00:13:25 (12%) A-V:  0.000
AV: 00:01:37 / 00:13:25 (12%) A-V:  0.000
AV: 00:01:47 / 00:13:25 (13%) A-V:  0.000
AV: 00:01:47 / 00:13:25 (13%) A-V:  0.000
AV: 00:01:57 / 00:13:25 (14%) A-V:  0.000
AV: 00:01:57 / 00:13:25 (14%) A-V:  0.000
AV: 00:02:07 / 00:13:25 (15%) A-V:  0.000
AV: 00:02:07 / 00:13:25 (15%) A-V:  0.000
AV: 00:02:07 / 00:13:25 (15%) A-V:  0.000
AV: 00:02:22 / 00:13:25 (17%) A-V:  0.000
AV: 00:02:22 / 00:13:25 (17%) A-V:  0.000
AV: 00:02:27 / 00:13:25 (18%) A-V:  0.000
AV: 00:02:27 / 00:13:25 (18%) A-V:  0.000
AV: 00:02:42 / 00:13:25 (20%) A-V:  0.000
AV: 00:02:42 / 00:13:25 (20%) A-V:  0.000
AV: 00:02:42 / 00:13:25 (20%) A-V:  0.000
AV: 00:02:52 / 00:13:25 (21%) A-V:  0.000
AV: 00:02:52 / 00:13:25 (21%) A-V:  0.000
AV: 00:02:52 / 00:13:25 (21%) A-V:  0.000
AV: 00:02:52 / 00:13:25 (21%) A-V:  0.000
AV: 00:02:52 / 00:13:25 (21%) A-V:  0.000
AV: 00:02:52 / 00:13:25 (21%) A-V:  0.000
AV: 00:02:52 / 00:13:25 (21%) A-V:  0.000
AV: 00:02:52 / 00:13:25 (21%) A-V:  0.000
AV: 00:02:52 / 00:13:25 (21%) A-V:  0.000
AV: 00:02:52 / 00:13:25 (21%) A-V:  0.000
AV: 00:02:52 / 00:13:25 (21%) A-V:  0.000
AV: 00:03:52 / 00:13:25 (28%) A-V:  0.000
AV: 00:03:52 / 00:13:25 (28%) A-V:  0.000
AV: 00:03:52 / 00:13:25 (28%) A-V:  0.000
AV: 00:03:52 / 00:13:25 (28%) A-V:  0.000
AV: 00:03:52 / 00:13:25 (28%) A-V:  0.000
AV: 00:03:52 / 00:13:25 (28%) A-V:  0.000
AV: 00:03:52 / 00:13:25 (28%) A-V:  0.000
AV: 00:03:52 / 00:13:25 (28%) A-V:  0.000
AV: 00:03:52 / 00:13:25 (28%) A-V:  0.000
AV: 00:03:52 / 00:13:25 (28%) A-V:  0.000
AV: 00:03:52 / 00:13:25 (28%) A-V:  0.000
AV: 00:03:52 / 00:13:25 (28%) A-V:  0.000
AV: 00:03:52 / 00:13:25 (28%) A-V:  0.000
AV: 00:04:57 / 00:13:25 (36%) A-V:  0.000
AV: 00:04:57 / 00:13:25 (36%) A-V:  0.000
AV: 00:04:57 / 00:13:25 (36%) A-V:  0.000
AV: 00:04:57 / 00:13:25 (36%) A-V:  0.000
AV: 00:05:12 / 00:13:25 (38%) A-V:  0.000
AV: 00:05:12 / 00:13:25 (38%) A-V:  0.000
AV: 00:05:17 / 00:13:25 (39%) A-V:  0.000
AV: 00:05:17 / 00:13:25 (39%) A-V:  0.000
AV: 00:05:27 / 00:13:25 (40%) A-V:  0.000
AV: 00:05:37 / 00:13:25 (41%) A-V:  0.000
AV: 00:05:37 / 00:13:25 (41%) A-V:  0.000
AV: 00:05:37 / 00:13:25 (41%) A-V:  0.000
AV: 00:05:47 / 00:13:25 (43%) A-V:  0.000
AV: 00:05:47 / 00:13:25 (43%) A-V:  0.000
AV: 00:05:57 / 00:13:25 (44%) A-V:  0.000
AV: 00:05:57 / 00:13:25 (44%) A-V:  0.000
AV: 00:06:07 / 00:13:25 (45%) A-V:  0.000
AV: 00:06:07 / 00:13:25 (45%) A-V:  0.000
AV: 00:06:17 / 00:13:25 (46%) A-V:  0.000
AV: 00:06:17 / 00:13:25 (46%) A-V:  0.000
AV: 00:06:27 / 00:13:25 (48%) A-V:  0.000
AV: 00:06:27 / 00:13:25 (48%) A-V:  0.000
AV: 00:06:37 / 00:13:25 (49%) A-V:  0.000
AV: 00:06:37 / 00:13:25 (49%) A-V:  0.000
AV: 00:06:47 / 00:13:25 (50%) A-V:  0.000
AV: 00:06:52 / 00:13:25 (51%) A-V:  0.000
AV: 00:06:52 / 00:13:25 (51%) A-V:  0.000
AV: 00:06:52 / 00:13:25 (51%) A-V:  0.000
AV: 00:06:52 / 00:13:25 (51%) A-V:  0.000
AV: 00:06:52 / 00:13:25 (51%) A-V:  0.000
AV: 00:06:52 / 00:13:25 (51%) A-V:  0.000
AV: 00:06:52 / 00:13:25 (51%) A-V:  0.000
AV: 00:06:52 / 00:13:25 (51%) A-V:  0.000
AV: 00:06:52 / 00:13:25 (51%) A-V:  0.000
AV: 00:06:52 / 00:13:25 (51%) A-V:  0.000
AV: 00:06:52 / 00:13:25 (51%) A-V:  0.000
AV: 00:06:52 / 00:13:25 (51%) A-V:  0.000
AV: 00:06:52 / 00:13:25 (51%) A-V:  0.000
AV: 00:06:52 / 00:13:25 (51%) A-V:  0.000
AV: 00:06:52 / 00:13:25 (51%) A-V:  0.000
AV: 00:06:52 / 00:13:25 (51%) A-V:  0.000
AV: 00:06:52 / 00:13:25 (51%) A-V:  0.000
AV: 00:06:52 / 00:13:25 (51%) A-V:  0.000
AV: 00:06:52 / 00:13:25 (51%) A-V:  0.000
AV: 00:06:52 / 00:13:25 (51%) A-V:  0.000
AV: 00:06:52 / 00:13:25 (51%) A-V:  0.000
AV: 00:06:52 / 00:13:25 (51%) A-V:  0.000
AV: 00:06:52 / 00:13:25 (51%) A-V:  0.000
AV: 00:06:52 / 00:13:25 (51%) A-V:  0.000
AV: 00:06:52 / 00:13:25 (51%) A-V:  0.000
AV: 00:06:52 / 00:13:25 (51%) A-V:  0.000
AV: 00:06:53 / 00:13:25 (51%) A-V:  0.000
AV: 00:06:53 / 00:13:25 (51%) A-V:  0.000
AV: 00:06:53 / 00:13:25 (51%) A-V:  0.000
AV: 00:06:53 / 00:13:25 (51%) A-V:  0.000
AV: 00:06:53 / 00:13:25 (51%) A-V:  0.000
AV: 00:06:53 / 00:13:25 (51%) A-V:  0.000
AV: 00:06:53 / 00:13:25 (51%) A-V:  0.000
AV: 00:06:53 / 00:13:25 (51%) A-V:  0.000
AV: 00:06:53 / 00:13:25 (51%) A-V:  0.000
AV: 00:06:53 / 00:13:25 (51%) A-V:  0.000
AV: 00:06:53 / 00:13:25 (51%) A-V:  0.000
AV: 00:06:53 / 00:13:25 (51%) A-V:  0.000
AV: 00:06:53 / 00:13:25 (51%) A-V:  0.000
AV: 00:06:53 / 00:13:25 (51%) A-V:  0.000
AV: 00:06:53 / 00:13:25 (51%) A-V:  0.000
AV: 00:06:53 / 00:13:25 (51%) A-V:  0.000
AV: 00:06:53 / 00:13:25 (51%) A-V:  0.000
AV: 00:06:53 / 00:13:25 (51%) A-V:  0.000
AV: 00:06:53 / 00:13:25 (51%) A-V:  0.000
AV: 00:06:53 / 00:13:25 (51%) A-V:  0.000
AV: 00:06:53 / 00:13:25 (51%) A-V:  0.000
AV: 00:06:53 / 00:13:25 (51%) A-V:  0.000
AV: 00:06:53 / 00:13:25 (51%) A-V:  0.000
AV: 00:06:53 / 00:13:25 (51%) A-V:  0.000
AV: 00:06:53 / 00:13:25 (51%) A-V:  0.000
AV: 00:06:53 / 00:13:25 (51%) A-V:  0.000
AV: 00:06:53 / 00:13:25 (51%) A-V:  0.000
AV: 00:06:53 / 00:13:25 (51%) A-V:  0.000
AV: 00:06:53 / 00:13:25 (51%) A-V:  0.000
AV: 00:06:53 / 00:13:25 (51%) A-V:  0.000
AV: 00:06:54 / 00:13:25 (51%) A-V:  0.000
AV: 00:06:54 / 00:13:25 (51%) A-V:  0.000
AV: 00:06:54 / 00:13:25 (51%) A-V:  0.000
AV: 00:06:54 / 00:13:25 (51%) A-V:  0.000
AV: 00:06:54 / 00:13:25 (51%) A-V:  0.000
AV: 00:06:54 / 00:13:25 (51%) A-V:  0.000
AV: 00:06:54 / 00:13:25 (51%) A-V:  0.000
AV: 00:06:54 / 00:13:25 (51%) A-V:  0.000
AV: 00:06:54 / 00:13:25 (51%) A-V:  0.000
AV: 00:06:54 / 00:13:25 (51%) A-V:  0.000
AV: 00:06:54 / 00:13:25 (51%) A-V:  0.000
AV: 00:06:54 / 00:13:25 (51%) A-V:  0.000
AV: 00:06:54 / 00:13:25 (51%) A-V:  0.000
AV: 00:06:54 / 00:13:25 (51%) A-V:  0.000
AV: 00:06:54 / 00:13:25 (51%) A-V:  0.000
AV: 00:06:54 / 00:13:25 (51%) A-V:  0.000
AV: 00:06:54 / 00:13:25 (51%) A-V:  0.000
AV: 00:06:54 / 00:13:25 (51%) A-V:  0.000
AV: 00:06:54 / 00:13:25 (51%) A-V:  0.000
AV: 00:06:54 / 00:13:25 (51%) A-V:  0.000
AV: 00:06:54 / 00:13:25 (51%) A-V:  0.000
AV: 00:06:54 / 00:13:25 (51%) A-V:  0.000
AV: 00:06:54 / 00:13:25 (51%) A-V:  0.000
AV: 00:06:54 / 00:13:25 (51%) A-V:  0.000
AV: 00:06:54 / 00:13:25 (51%) A-V:  0.000
AV: 00:06:54 / 00:13:25 (51%) A-V:  0.000
AV: 00:06:54 / 00:13:25 (51%) A-V:  0.000
AV: 00:06:54 / 00:13:25 (51%) A-V:  0.000
AV: 00:06:54 / 00:13:25 (51%) A-V:  0.000
AV: 00:06:54 / 00:13:25 (51%) A-V:  0.000
AV: 00:06:55 / 00:13:25 (51%) A-V:  0.000
AV: 00:06:55 / 00:13:25 (51%) A-V:  0.000
AV: 00:06:55 / 00:13:25 (51%) A-V:  0.000
AV: 00:06:55 / 00:13:25 (51%) A-V:  0.000
AV: 00:06:55 / 00:13:25 (51%) A-V:  0.000
AV: 00:06:55 / 00:13:25 (51%) A-V:  0.000
AV: 00:06:55 / 00:13:25 (51%) A-V:  0.000
(Paused) AV: 00:06:55 / 00:13:25 (51%) A-V:  0.000
(Paused) AV: 00:06:55 / 00:13:25 (51%) A-V:  0.000
(Paused) AV: 00:06:55 / 00:13:25 (51%) A-V:  0.000
(Paused) AV: 00:06:55 / 00:13:25 (51%) A-V:  0.000
(Paused) AV: 00:06:55 / 00:13:25 (51%) A-V:  0.000
(Paused) AV: 00:06:55 / 00:13:25 (51%) A-V:  0.000
(Paused) AV: 00:06:55 / 00:13:25 (51%) A-V:  0.000
(Paused) AV: 00:06:55 / 00:13:25 (51%) A-V:  0.000
(Paused) AV: 00:06:55 / 00:13:25 (51%) A-V:  0.000
(Paused) AV: 00:06:55 / 00:13:25 (51%) A-V:  0.000
(Paused) AV: 00:06:55 / 00:13:25 (51%) A-V:  0.000
(Paused) AV: 00:06:55 / 00:13:25 (51%) A-V:  0.000
(Paused) AV: 00:06:55 / 00:13:25 (51%) A-V:  0.000
(Paused) AV: 00:06:55 / 00:13:25 (51%) A-V:  0.000
(Paused) AV: 00:06:55 / 00:13:25 (51%) A-V:  0.000
(Paused) AV: 00:06:55 / 00:13:25 (51%) A-V:  0.000
(Paused) AV: 00:06:55 / 00:13:25 (51%) A-V:  0.000
(Paused) AV: 00:06:55 / 00:13:25 (51%) A-V:  0.000
(Paused) AV: 00:06:55 / 00:13:25 (51%) A-V:  0.000
(Paused) AV: 00:06:55 / 00:13:25 (51%) A-V:  0.000
(Paused) AV: 00:06:55 / 00:13:25 (51%) A-V:  0.000
(Paused) AV: 00:06:55 / 00:13:25 (51%) A-V:  0.000
(Paused) AV: 00:06:55 / 00:13:25 (51%) A-V:  0.000
(Paused) AV: 00:06:55 / 00:13:25 (51%) A-V:  0.000
(Paused) AV: 00:06:55 / 00:13:25 (51%) A-V:  0.000
(Paused) AV: 00:06:55 / 00:13:25 (51%) A-V:  0.000
(Paused) AV: 00:06:55 / 00:13:25 (51%) A-V:  0.000
(Paused) AV: 00:06:55 / 00:13:25 (51%) A-V:  0.000
(Paused) AV: 00:06:55 / 00:13:25 (51%) A-V:  0.000
(Paused) AV: 00:06:55 / 00:13:25 (51%) A-V:  0.000
(Paused) AV: 00:06:55 / 00:13:25 (51%) A-V:  0.000
(Paused) AV: 00:06:55 / 00:13:25 (51%) A-V:  0.000
(Paused) AV: 00:06:55 / 00:13:25 (51%) A-V:  0.000
(Paused) AV: 00:06:55 / 00:13:25 (51%) A-V:  0.000
(Paused) AV: 00:06:55 / 00:13:25 (51%) A-V:  0.000
(Paused) AV: 00:06:55 / 00:13:25 (51%) A-V:  0.000
(Paused) AV: 00:06:55 / 00:13:25 (51%) A-V:  0.000
(Paused) AV: 00:06:55 / 00:13:25 (51%) A-V:  0.000
(Paused) AV: 00:06:55 / 00:13:25 (51%) A-V:  0.000
(Paused) AV: 00:06:55 / 00:13:25 (51%) A-V:  0.000
(Paused) AV: 00:06:55 / 00:13:25 (51%) A-V:  0.000
(Paused) AV: 00:06:55 / 00:13:25 (51%) A-V:  0.000
(Paused) AV: 00:06:55 / 00:13:25 (51%) A-V:  0.000
(Paused) AV: 00:06:55 / 00:13:25 (51%) A-V:  0.000
(Paused) AV: 00:06:55 / 00:13:25 (51%) A-V:  0.000
(Paused) AV: 00:06:55 / 00:13:25 (51%) A-V:  0.000
(Paused) AV: 00:06:55 / 00:13:25 (51%) A-V:  0.000
(Paused) AV: 00:06:55 / 00:13:25 (51%) A-V:  0.000
(Paused) AV: 00:06:55 / 00:13:25 (51%) A-V:  0.000
(Paused) AV: 00:06:55 / 00:13:25 (51%) A-V:  0.000
(Paused) AV: 00:06:55 / 00:13:25 (51%) A-V:  0.000
(Paused) AV: 00:06:55 / 00:13:25 (51%) A-V:  0.000
(Paused) AV: 00:06:55 / 00:13:25 (51%) A-V:  0.000
(Paused) AV: 00:06:55 / 00:13:25 (51%) A-V:  0.000
(Paused) AV: 00:06:55 / 00:13:25 (51%) A-V:  0.000
(Paused) AV: 00:06:55 / 00:13:25 (51%) A-V:  0.000
(Paused) AV: 00:06:55 / 00:13:25 (51%) A-V:  0.000
(Paused) AV: 00:06:55 / 00:13:25 (51%) A-V:  0.000
(Paused) AV: 00:06:55 / 00:13:25 (51%) A-V:  0.000
(Paused) AV: 00:06:55 / 00:13:25 (51%) A-V:  0.000
(Paused) AV: 00:06:55 / 00:13:25 (51%) A-V:  0.000
(Paused) AV: 00:06:55 / 00:13:25 (51%) A-V:  0.000
(Paused) AV: 00:06:55 / 00:13:25 (51%) A-V:  0.000
(Paused) AV: 00:06:55 / 00:13:25 (51%) A-V:  0.000
(Paused) AV: 00:06:55 / 00:13:25 (51%) A-V:  0.000


Exiting... (Quit)
